<?xml version="1.0" encoding="UTF-8"?>
<!-- Generated by org.testng.reporters.JUnitReportReporter -->
<testsuite skipped="0" hostname="LAPTOP-DOU4JE3M" name="task.userRegisteration" tests="1" failures="0" timestamp="2020-06-13T17:31:39 EET" time="20.375" errors="0">
  <testcase name="signupProcess" time="20.375" classname="task.userRegisteration"/>
  <system-out/>
</testsuite> <!-- task.userRegisteration -->
